\BOOKMARK [1][-]{section.1}{Introduction}{}% 1
\BOOKMARK [1][-]{section.2}{Related Work}{}% 2
\BOOKMARK [1][-]{section.3}{Methods}{}% 3
\BOOKMARK [2][-]{subsection.3.1}{Simulation Software}{section.3}% 4
\BOOKMARK [2][-]{subsection.3.2}{High Level Planning}{section.3}% 5
\BOOKMARK [3][-]{subsubsection.3.2.1}{Locate screw}{subsection.3.2}% 6
\BOOKMARK [3][-]{subsubsection.3.2.2}{Grasp the screw}{subsection.3.2}% 7
\BOOKMARK [3][-]{subsubsection.3.2.3}{Locate goal}{subsection.3.2}% 8
\BOOKMARK [3][-]{subsubsection.3.2.4}{Release bolt}{subsection.3.2}% 9
\BOOKMARK [3][-]{subsubsection.3.2.5}{Grasping tool}{subsection.3.2}% 10
\BOOKMARK [3][-]{subsubsection.3.2.6}{Move tool to screw}{subsection.3.2}% 11
\BOOKMARK [3][-]{subsubsection.3.2.7}{Drive screw into goal point}{subsection.3.2}% 12
\BOOKMARK [3][-]{subsubsection.3.2.8}{Release bolt}{subsection.3.2}% 13
\BOOKMARK [3][-]{subsubsection.3.2.9}{Release tool}{subsection.3.2}% 14
\BOOKMARK [2][-]{subsection.3.3}{Low Level \(Motion\) Planning}{section.3}% 15
\BOOKMARK [3][-]{subsubsection.3.3.1}{Resolved Rate Trajectory Planning}{subsection.3.3}% 16
\BOOKMARK [2][-]{subsection.3.4}{Object manipulation}{section.3}% 17
\BOOKMARK [1][-]{section.4}{Experiments}{}% 18
\BOOKMARK [1][-]{section.5}{Analysis}{}% 19
\BOOKMARK [1][-]{section.6}{Discussion}{}% 20
